[debug] [2022-05-13T04:38:01.387Z] ----------------------------------------------------------------------
[debug] [2022-05-13T04:38:01.389Z] Command:       /usr/local/bin/firebase /Users/phoatipongmusikong/.cache/firebase/tools/lib/node_modules/firebase-tools/lib/bin/firebase emulators:start --only functions
[debug] [2022-05-13T04:38:01.389Z] CLI Version:   10.5.0
[debug] [2022-05-13T04:38:01.389Z] Platform:      darwin
[debug] [2022-05-13T04:38:01.389Z] Node Version:  v12.18.1
[debug] [2022-05-13T04:38:01.393Z] Time:          Fri May 13 2022 11:38:01 GMT+0700 (Indochina Time)
[debug] [2022-05-13T04:38:01.393Z] ----------------------------------------------------------------------
[debug] 
[debug] [2022-05-13T04:38:01.448Z] > command requires scopes: ["email","openid","https://www.googleapis.com/auth/cloudplatformprojects.readonly","https://www.googleapis.com/auth/firebase","https://www.googleapis.com/auth/cloud-platform"]
[debug] [2022-05-13T04:38:01.448Z] > authorizing via signed-in user (phoatipong@gmail.com)
[info] i  emulators: Starting emulators: functions {"metadata":{"emulator":{"name":"hub"},"message":"Starting emulators: functions"}}
[debug] [2022-05-13T04:38:01.472Z] [hub] writing locator at /var/folders/s1/brn49cgd5plfwbs458fdcvyh0000gn/T/hub-chatbot-49334.json
[warn] ⚠  functions: The following emulators are not running, calls to these services from the Functions emulator will affect production: auth, firestore, database, hosting, pubsub, storage {"metadata":{"emulator":{"name":"functions"},"message":"The following emulators are not running, calls to these services from the Functions emulator will affect production: \u001b[1mauth, firestore, database, hosting, pubsub, storage\u001b[22m"}}
[warn] ⚠  Your requested "node" version "16" doesn't match your global version "12". Using node@12 from host. {"metadata":{"emulator":{"name":"functions"},"message":"Your requested \"node\" version \"16\" doesn't match your global version \"12\". Using node@12 from host."}}
[debug] [2022-05-13T04:38:02.896Z] defaultcredentials: writing to file /Users/phoatipongmusikong/.config/firebase/phoatipong_gmail_com_application_default_credentials.json
[debug] [2022-05-13T04:38:02.898Z] Setting GAC to /Users/phoatipongmusikong/.config/firebase/phoatipong_gmail_com_application_default_credentials.json {"metadata":{"emulator":{"name":"functions"},"message":"Setting GAC to /Users/phoatipongmusikong/.config/firebase/phoatipong_gmail_com_application_default_credentials.json"}}
[debug] [2022-05-13T04:38:02.902Z] > refreshing access token with scopes: []
[debug] [2022-05-13T04:38:02.903Z] >>> HTTP REQUEST POST https://www.googleapis.com/oauth2/v3/token  
 <request body omitted>
[debug] [2022-05-13T04:38:04.217Z] <<< HTTP RESPONSE 200 {"expires":"Mon, 01 Jan 1990 00:00:00 GMT","cache-control":"no-cache, no-store, max-age=0, must-revalidate","date":"Fri, 13 May 2022 04:38:04 GMT","pragma":"no-cache","content-type":"application/json; charset=utf-8","vary":"X-Origin, Referer, Origin,Accept-Encoding","server":"scaffolding on HTTPServer2","x-xss-protection":"0","x-frame-options":"SAMEORIGIN","x-content-type-options":"nosniff","alt-svc":"h3=\":443\"; ma=2592000,h3-29=\":443\"; ma=2592000,h3-Q050=\":443\"; ma=2592000,h3-Q046=\":443\"; ma=2592000,h3-Q043=\":443\"; ma=2592000,quic=\":443\"; ma=2592000; v=\"46,43\"","accept-ranges":"none","transfer-encoding":"chunked"}
[debug] [2022-05-13T04:38:04.270Z] >>> [apiv2][query] GET https://firebase.googleapis.com/v1beta1/projects/chatbot-49334/adminSdkConfig [none]
[debug] [2022-05-13T04:38:05.841Z] <<< [apiv2][status] GET https://firebase.googleapis.com/v1beta1/projects/chatbot-49334/adminSdkConfig 200
[debug] [2022-05-13T04:38:05.841Z] <<< [apiv2][body] GET https://firebase.googleapis.com/v1beta1/projects/chatbot-49334/adminSdkConfig {"projectId":"chatbot-49334","databaseURL":"https://chatbot-49334-default-rtdb.asia-southeast1.firebasedatabase.app","storageBucket":"chatbot-49334.appspot.com","locationId":"asia-northeast2"}
[warn] ⚠  emulators: The Emulator UI requires a project ID to start. Configure your default project with 'firebase use' or pass the --project flag. {"metadata":{"emulator":{"name":"hub"},"message":"The Emulator UI requires a project ID to start. Configure your default project with 'firebase use' or pass the --project flag."}}
[info] i  functions: Watching "/Users/phoatipongmusikong/arm/chat-bot/functions" for Cloud Functions... {"metadata":{"emulator":{"name":"functions"},"message":"Watching \"/Users/phoatipongmusikong/arm/chat-bot/functions\" for Cloud Functions..."}}
[debug] [2022-05-13T04:38:06.165Z] Validating nodejs source
[warn] ⚠  functions: package.json indicates an outdated version of firebase-functions. Please upgrade using npm install --save firebase-functions@latest in your functions directory. 
[debug] [2022-05-13T04:38:08.822Z] > [functions] package.json contents: {
  "name": "functions",
  "description": "Cloud Functions for Firebase",
  "scripts": {
    "serve": "firebase emulators:start --only functions",
    "shell": "firebase functions:shell",
    "start": "npm run shell",
    "deploy": "firebase deploy --only functions",
    "logs": "firebase functions:log"
  },
  "engines": {
    "node": "16"
  },
  "main": "index.js",
  "dependencies": {
    "firebase-admin": "^10.0.2",
    "firebase-functions": "^3.18.0",
    "cors": "^2.8.5",
    "uuid": "^8.3.2"
  },
  "devDependencies": {
    "firebase-functions-test": "^0.2.0"
  },
  "private": true
}
[debug] [2022-05-13T04:38:08.822Z] Building nodejs source
[debug] [2022-05-13T04:38:08.822Z] Analyzing nodejs backend spec
[info] ✔  functions[us-central1-deleteUserById]: http function initialized (http://localhost:5001/chatbot-49334/us-central1/deleteUserById). {"metadata":{"emulator":{"name":"functions"},"message":"\u001b[1mhttp\u001b[22m function initialized (http://localhost:5001/chatbot-49334/us-central1/deleteUserById)."}}
[info] ✔  functions[us-central1-giveRate]: http function initialized (http://localhost:5001/chatbot-49334/us-central1/giveRate). {"metadata":{"emulator":{"name":"functions"},"message":"\u001b[1mhttp\u001b[22m function initialized (http://localhost:5001/chatbot-49334/us-central1/giveRate)."}}
[info] ✔  functions[us-central1-messageReply]: http function initialized (http://localhost:5001/chatbot-49334/us-central1/messageReply). {"metadata":{"emulator":{"name":"functions"},"message":"\u001b[1mhttp\u001b[22m function initialized (http://localhost:5001/chatbot-49334/us-central1/messageReply)."}}
[info] ✔  functions[us-central1-helloWorld]: http function initialized (http://localhost:5001/chatbot-49334/us-central1/helloWorld). {"metadata":{"emulator":{"name":"functions"},"message":"\u001b[1mhttp\u001b[22m function initialized (http://localhost:5001/chatbot-49334/us-central1/helloWorld)."}}
[info] 
┌─────────────────────────────────────────────────────────────┐
│ ✔  All emulators ready! It is now safe to connect your app. │
└─────────────────────────────────────────────────────────────┘

┌───────────┬────────────────┐
│ Emulator  │ Host:Port      │
├───────────┼────────────────┤
│ Functions │ localhost:5001 │
└───────────┴────────────────┘
  Emulator Hub running at localhost:4400
  Other reserved ports: 4500

Issues? Report them at https://github.com/firebase/firebase-tools/issues and attach the *-debug.log files.
 
[debug] [2022-05-13T05:55:44.657Z] [work-queue] {"queueLength":1,"workRunningCount":0}
[debug] [2022-05-13T05:55:44.659Z] [work-queue] {"queueLength":0,"workRunningCount":1}
[debug] [2022-05-13T05:55:44.661Z] Accepted request OPTIONS /chatbot-49334/us-central1/deleteUserById --> us-central1-deleteUserById
[debug] [2022-05-13T05:55:44.690Z] [worker-pool] addWorker(us-central1-deleteUserById) {"metadata":{"emulator":{"name":"functions"},"message":"[worker-pool] addWorker(us-central1-deleteUserById)"}}
[debug] [2022-05-13T05:55:44.691Z] [worker-pool] Adding worker with key us-central1-deleteUserById, total=1 {"metadata":{"emulator":{"name":"functions"},"message":"[worker-pool] Adding worker with key us-central1-deleteUserById, total=1"}}
[debug] [2022-05-13T05:55:44.691Z] [worker-pool] submitWork(triggerId=us-central1-deleteUserById) {"metadata":{"emulator":{"name":"functions"},"message":"[worker-pool] submitWork(triggerId=us-central1-deleteUserById)"}}
[debug] [2022-05-13T05:55:44.692Z] [worker-us-central1-deleteUserById-92bea862-74c0-445d-ba9e-5073345f3197]: Assigning socketPath: /var/folders/s1/brn49cgd5plfwbs458fdcvyh0000gn/T/fire_emu_57099.sock {"metadata":{"emulator":{"name":"functions"},"message":"[worker-us-central1-deleteUserById-92bea862-74c0-445d-ba9e-5073345f3197]: Assigning socketPath: /var/folders/s1/brn49cgd5plfwbs458fdcvyh0000gn/T/fire_emu_57099.sock"}}
[debug] [2022-05-13T05:55:44.692Z] [worker-us-central1-deleteUserById-92bea862-74c0-445d-ba9e-5073345f3197]: BUSY {"metadata":{"emulator":{"name":"functions"},"message":"[worker-us-central1-deleteUserById-92bea862-74c0-445d-ba9e-5073345f3197]: BUSY"}}
[debug] [2022-05-13T05:55:45.600Z] [runtime-status] [57099] Functions runtime initialized. {"cwd":"/Users/phoatipongmusikong/arm/chat-bot/functions","node_version":"12.18.1"} {"metadata":{"emulator":{"name":"functions"},"function":{"name":"us-central1-deleteUserById"},"extension":{},"message":"[runtime-status] [57099] Functions runtime initialized. {\"cwd\":\"/Users/phoatipongmusikong/arm/chat-bot/functions\",\"node_version\":\"12.18.1\"}"}}
[debug] [2022-05-13T05:55:45.600Z] [runtime-status] [57099] Disabled runtime features: undefined {"metadata":{"emulator":{"name":"functions"},"function":{"name":"us-central1-deleteUserById"},"extension":{},"message":"[runtime-status] [57099] Disabled runtime features: undefined"}}
[debug] [2022-05-13T05:55:45.605Z] [runtime-status] [57099] Resolved module firebase-admin {"declared":true,"installed":true,"version":"10.0.2","resolution":"/Users/phoatipongmusikong/arm/chat-bot/functions/node_modules/firebase-admin/lib/index.js"} {"metadata":{"emulator":{"name":"functions"},"function":{"name":"us-central1-deleteUserById"},"extension":{},"message":"[runtime-status] [57099] Resolved module firebase-admin {\"declared\":true,\"installed\":true,\"version\":\"10.0.2\",\"resolution\":\"/Users/phoatipongmusikong/arm/chat-bot/functions/node_modules/firebase-admin/lib/index.js\"}"}}
[debug] [2022-05-13T05:55:45.607Z] [runtime-status] [57099] Resolved module firebase-functions {"declared":true,"installed":true,"version":"3.20.0","resolution":"/Users/phoatipongmusikong/arm/chat-bot/functions/node_modules/firebase-functions/lib/index.js"} {"metadata":{"emulator":{"name":"functions"},"function":{"name":"us-central1-deleteUserById"},"extension":{},"message":"[runtime-status] [57099] Resolved module firebase-functions {\"declared\":true,\"installed\":true,\"version\":\"3.20.0\",\"resolution\":\"/Users/phoatipongmusikong/arm/chat-bot/functions/node_modules/firebase-functions/lib/index.js\"}"}}
[debug] [2022-05-13T05:55:45.607Z] [runtime-status] [57099] Outgoing network have been stubbed. [{"name":"http","status":"mocked"},{"name":"http","status":"mocked"},{"name":"https","status":"mocked"},{"name":"https","status":"mocked"},{"name":"net","status":"mocked"}] {"metadata":{"emulator":{"name":"functions"},"function":{"name":"us-central1-deleteUserById"},"extension":{},"message":"[runtime-status] [57099] Outgoing network have been stubbed. [{\"name\":\"http\",\"status\":\"mocked\"},{\"name\":\"http\",\"status\":\"mocked\"},{\"name\":\"https\",\"status\":\"mocked\"},{\"name\":\"https\",\"status\":\"mocked\"},{\"name\":\"net\",\"status\":\"mocked\"}]"}}
[debug] [2022-05-13T05:55:45.608Z] [runtime-status] [57099] Resolved module firebase-functions {"declared":true,"installed":true,"version":"3.20.0","resolution":"/Users/phoatipongmusikong/arm/chat-bot/functions/node_modules/firebase-functions/lib/index.js"} {"metadata":{"emulator":{"name":"functions"},"function":{"name":"us-central1-deleteUserById"},"extension":{},"message":"[runtime-status] [57099] Resolved module firebase-functions {\"declared\":true,\"installed\":true,\"version\":\"3.20.0\",\"resolution\":\"/Users/phoatipongmusikong/arm/chat-bot/functions/node_modules/firebase-functions/lib/index.js\"}"}}
[debug] [2022-05-13T05:55:45.675Z] [runtime-status] [57099] Checked functions.config() {"config":{}} {"metadata":{"emulator":{"name":"functions"},"function":{"name":"us-central1-deleteUserById"},"extension":{},"message":"[runtime-status] [57099] Checked functions.config() {\"config\":{}}"}}
[debug] [2022-05-13T05:55:45.676Z] [runtime-status] [57099] firebase-functions has been stubbed. {"functionsResolution":{"declared":true,"installed":true,"version":"3.20.0","resolution":"/Users/phoatipongmusikong/arm/chat-bot/functions/node_modules/firebase-functions/lib/index.js"}} {"metadata":{"emulator":{"name":"functions"},"function":{"name":"us-central1-deleteUserById"},"extension":{},"message":"[runtime-status] [57099] firebase-functions has been stubbed. {\"functionsResolution\":{\"declared\":true,\"installed\":true,\"version\":\"3.20.0\",\"resolution\":\"/Users/phoatipongmusikong/arm/chat-bot/functions/node_modules/firebase-functions/lib/index.js\"}}"}}
[debug] [2022-05-13T05:55:45.676Z] [runtime-status] [57099] Resolved module firebase-functions {"declared":true,"installed":true,"version":"3.20.0","resolution":"/Users/phoatipongmusikong/arm/chat-bot/functions/node_modules/firebase-functions/lib/index.js"} {"metadata":{"emulator":{"name":"functions"},"function":{"name":"us-central1-deleteUserById"},"extension":{},"message":"[runtime-status] [57099] Resolved module firebase-functions {\"declared\":true,\"installed\":true,\"version\":\"3.20.0\",\"resolution\":\"/Users/phoatipongmusikong/arm/chat-bot/functions/node_modules/firebase-functions/lib/index.js\"}"}}
[debug] [2022-05-13T05:55:45.676Z] [runtime-status] [57099] Resolved module firebase-admin {"declared":true,"installed":true,"version":"10.0.2","resolution":"/Users/phoatipongmusikong/arm/chat-bot/functions/node_modules/firebase-admin/lib/index.js"} {"metadata":{"emulator":{"name":"functions"},"function":{"name":"us-central1-deleteUserById"},"extension":{},"message":"[runtime-status] [57099] Resolved module firebase-admin {\"declared\":true,\"installed\":true,\"version\":\"10.0.2\",\"resolution\":\"/Users/phoatipongmusikong/arm/chat-bot/functions/node_modules/firebase-admin/lib/index.js\"}"}}
[debug] [2022-05-13T05:55:45.677Z] [runtime-status] [57099] Resolved module firebase-functions {"declared":true,"installed":true,"version":"3.20.0","resolution":"/Users/phoatipongmusikong/arm/chat-bot/functions/node_modules/firebase-functions/lib/index.js"} {"metadata":{"emulator":{"name":"functions"},"function":{"name":"us-central1-deleteUserById"},"extension":{},"message":"[runtime-status] [57099] Resolved module firebase-functions {\"declared\":true,\"installed\":true,\"version\":\"3.20.0\",\"resolution\":\"/Users/phoatipongmusikong/arm/chat-bot/functions/node_modules/firebase-functions/lib/index.js\"}"}}
[debug] [2022-05-13T05:55:45.677Z] [runtime-status] [57099] firebase-admin has been stubbed. {"adminResolution":{"declared":true,"installed":true,"version":"10.0.2","resolution":"/Users/phoatipongmusikong/arm/chat-bot/functions/node_modules/firebase-admin/lib/index.js"}} {"metadata":{"emulator":{"name":"functions"},"function":{"name":"us-central1-deleteUserById"},"extension":{},"message":"[runtime-status] [57099] firebase-admin has been stubbed. {\"adminResolution\":{\"declared\":true,\"installed\":true,\"version\":\"10.0.2\",\"resolution\":\"/Users/phoatipongmusikong/arm/chat-bot/functions/node_modules/firebase-admin/lib/index.js\"}}"}}
[debug] [2022-05-13T05:55:45.843Z] [runtime-status] [57099] initializeApp(DEFAULT) {"storageBucket":"chatbot-49334.appspot.com","databaseURL":"https://chatbot-49334-default-rtdb.asia-southeast1.firebasedatabase.app","projectId":"chatbot-49334"} {"metadata":{"emulator":{"name":"functions"},"function":{"name":"us-central1-deleteUserById"},"extension":{},"message":"[runtime-status] [57099] initializeApp(DEFAULT) {\"storageBucket\":\"chatbot-49334.appspot.com\",\"databaseURL\":\"https://chatbot-49334-default-rtdb.asia-southeast1.firebasedatabase.app\",\"projectId\":\"chatbot-49334\"}"}}
[debug] [2022-05-13T05:55:45.844Z] [runtime-status] [57099] Beginning invocation function deleteUserById! {"metadata":{"emulator":{"name":"functions"},"function":{"name":"us-central1-deleteUserById"},"extension":{},"message":"[runtime-status] [57099] Beginning invocation function deleteUserById!"}}
[info] i  functions: Beginning execution of "deleteUserById" {"metadata":{"emulator":{"name":"functions"},"function":{"name":"us-central1-deleteUserById"},"extension":{},"message":"Beginning execution of \"deleteUserById\""}}
[debug] [2022-05-13T05:55:45.844Z] [runtime-status] [57099] Running deleteUserById in signature http {"metadata":{"emulator":{"name":"functions"},"function":{"name":"us-central1-deleteUserById"},"extension":{},"message":"[runtime-status] [57099] Running deleteUserById in signature http"}}
[debug] [2022-05-13T05:55:45.848Z] [runtime-status] [57099] Attempting to listen to socketPath: /var/folders/s1/brn49cgd5plfwbs458fdcvyh0000gn/T/fire_emu_57099.sock {"metadata":{"emulator":{"name":"functions"},"function":{"name":"us-central1-deleteUserById"},"extension":{},"message":"[runtime-status] [57099] Attempting to listen to socketPath: /var/folders/s1/brn49cgd5plfwbs458fdcvyh0000gn/T/fire_emu_57099.sock"}}
[debug] [2022-05-13T05:55:45.853Z] [functions] Runtime ready! Sending request! {"metadata":{"emulator":{"name":"functions"},"message":"[functions] Runtime ready! Sending request!"}}
[debug] [2022-05-13T05:55:45.854Z] [functions] Got req.url=/chatbot-49334/us-central1/deleteUserById, mapping to path=/ {"metadata":{"emulator":{"name":"functions"},"message":"[functions] Got req.url=/chatbot-49334/us-central1/deleteUserById, mapping to path=/"}}
[debug] [2022-05-13T05:55:45.859Z] [runtime-status] [57099] Ephemeral server handling OPTIONS request {"metadata":{"emulator":{"name":"functions"},"function":{"name":"us-central1-deleteUserById"},"extension":{},"message":"[runtime-status] [57099] Ephemeral server handling OPTIONS request"}}
[debug] [2022-05-13T05:55:45.862Z] [runtime-status] [57099] Ephemeral server survived. {"metadata":{"emulator":{"name":"functions"},"function":{"name":"us-central1-deleteUserById"},"extension":{},"message":"[runtime-status] [57099] Ephemeral server survived."}}
[debug] [2022-05-13T05:55:45.863Z] [work-queue] {"queueLength":1,"workRunningCount":1}
[debug] [2022-05-13T05:55:45.863Z] [work-queue] {"queueLength":0,"workRunningCount":2}
[debug] [2022-05-13T05:55:45.863Z] Accepted request POST /chatbot-49334/us-central1/deleteUserById --> us-central1-deleteUserById
[debug] [2022-05-13T05:55:45.874Z] [worker-pool] addWorker(us-central1-deleteUserById) {"metadata":{"emulator":{"name":"functions"},"message":"[worker-pool] addWorker(us-central1-deleteUserById)"}}
[debug] [2022-05-13T05:55:45.874Z] [worker-pool] Adding worker with key us-central1-deleteUserById, total=2 {"metadata":{"emulator":{"name":"functions"},"message":"[worker-pool] Adding worker with key us-central1-deleteUserById, total=2"}}
[debug] [2022-05-13T05:55:45.874Z] [worker-pool] submitWork(triggerId=us-central1-deleteUserById) {"metadata":{"emulator":{"name":"functions"},"message":"[worker-pool] submitWork(triggerId=us-central1-deleteUserById)"}}
[debug] [2022-05-13T05:55:45.874Z] [worker-us-central1-deleteUserById-5d517c97-87cd-445a-9800-fcbf83f01555]: Assigning socketPath: /var/folders/s1/brn49cgd5plfwbs458fdcvyh0000gn/T/fire_emu_57100.sock {"metadata":{"emulator":{"name":"functions"},"message":"[worker-us-central1-deleteUserById-5d517c97-87cd-445a-9800-fcbf83f01555]: Assigning socketPath: /var/folders/s1/brn49cgd5plfwbs458fdcvyh0000gn/T/fire_emu_57100.sock"}}
[debug] [2022-05-13T05:55:45.874Z] [worker-us-central1-deleteUserById-5d517c97-87cd-445a-9800-fcbf83f01555]: BUSY {"metadata":{"emulator":{"name":"functions"},"message":"[worker-us-central1-deleteUserById-5d517c97-87cd-445a-9800-fcbf83f01555]: BUSY"}}
[info] i  functions: Finished "deleteUserById" in ~1s {"metadata":{"emulator":{"name":"functions"},"function":{"name":"us-central1-deleteUserById"},"extension":{},"message":"Finished \"deleteUserById\" in ~1s"}}
[debug] [2022-05-13T05:55:45.875Z] [worker-us-central1-deleteUserById-92bea862-74c0-445d-ba9e-5073345f3197]: IDLE {"metadata":{"emulator":{"name":"functions"},"message":"[worker-us-central1-deleteUserById-92bea862-74c0-445d-ba9e-5073345f3197]: IDLE"}}
[debug] [2022-05-13T05:55:45.875Z] [work-queue] {"queueLength":0,"workRunningCount":1}
[debug] [2022-05-13T05:55:46.525Z] [runtime-status] [57100] Functions runtime initialized. {"cwd":"/Users/phoatipongmusikong/arm/chat-bot/functions","node_version":"12.18.1"} {"metadata":{"emulator":{"name":"functions"},"function":{"name":"us-central1-deleteUserById"},"extension":{},"message":"[runtime-status] [57100] Functions runtime initialized. {\"cwd\":\"/Users/phoatipongmusikong/arm/chat-bot/functions\",\"node_version\":\"12.18.1\"}"}}
[debug] [2022-05-13T05:55:46.526Z] [runtime-status] [57100] Disabled runtime features: undefined {"metadata":{"emulator":{"name":"functions"},"function":{"name":"us-central1-deleteUserById"},"extension":{},"message":"[runtime-status] [57100] Disabled runtime features: undefined"}}
[debug] [2022-05-13T05:55:46.527Z] [runtime-status] [57100] Resolved module firebase-admin {"declared":true,"installed":true,"version":"10.0.2","resolution":"/Users/phoatipongmusikong/arm/chat-bot/functions/node_modules/firebase-admin/lib/index.js"} {"metadata":{"emulator":{"name":"functions"},"function":{"name":"us-central1-deleteUserById"},"extension":{},"message":"[runtime-status] [57100] Resolved module firebase-admin {\"declared\":true,\"installed\":true,\"version\":\"10.0.2\",\"resolution\":\"/Users/phoatipongmusikong/arm/chat-bot/functions/node_modules/firebase-admin/lib/index.js\"}"}}
[debug] [2022-05-13T05:55:46.528Z] [runtime-status] [57100] Resolved module firebase-functions {"declared":true,"installed":true,"version":"3.20.0","resolution":"/Users/phoatipongmusikong/arm/chat-bot/functions/node_modules/firebase-functions/lib/index.js"} {"metadata":{"emulator":{"name":"functions"},"function":{"name":"us-central1-deleteUserById"},"extension":{},"message":"[runtime-status] [57100] Resolved module firebase-functions {\"declared\":true,\"installed\":true,\"version\":\"3.20.0\",\"resolution\":\"/Users/phoatipongmusikong/arm/chat-bot/functions/node_modules/firebase-functions/lib/index.js\"}"}}
[debug] [2022-05-13T05:55:46.528Z] [runtime-status] [57100] Outgoing network have been stubbed. [{"name":"http","status":"mocked"},{"name":"http","status":"mocked"},{"name":"https","status":"mocked"},{"name":"https","status":"mocked"},{"name":"net","status":"mocked"}] {"metadata":{"emulator":{"name":"functions"},"function":{"name":"us-central1-deleteUserById"},"extension":{},"message":"[runtime-status] [57100] Outgoing network have been stubbed. [{\"name\":\"http\",\"status\":\"mocked\"},{\"name\":\"http\",\"status\":\"mocked\"},{\"name\":\"https\",\"status\":\"mocked\"},{\"name\":\"https\",\"status\":\"mocked\"},{\"name\":\"net\",\"status\":\"mocked\"}]"}}
[debug] [2022-05-13T05:55:46.528Z] [runtime-status] [57100] Resolved module firebase-functions {"declared":true,"installed":true,"version":"3.20.0","resolution":"/Users/phoatipongmusikong/arm/chat-bot/functions/node_modules/firebase-functions/lib/index.js"} {"metadata":{"emulator":{"name":"functions"},"function":{"name":"us-central1-deleteUserById"},"extension":{},"message":"[runtime-status] [57100] Resolved module firebase-functions {\"declared\":true,\"installed\":true,\"version\":\"3.20.0\",\"resolution\":\"/Users/phoatipongmusikong/arm/chat-bot/functions/node_modules/firebase-functions/lib/index.js\"}"}}
[debug] [2022-05-13T05:55:46.572Z] [runtime-status] [57100] Checked functions.config() {"config":{}} {"metadata":{"emulator":{"name":"functions"},"function":{"name":"us-central1-deleteUserById"},"extension":{},"message":"[runtime-status] [57100] Checked functions.config() {\"config\":{}}"}}
[debug] [2022-05-13T05:55:46.572Z] [runtime-status] [57100] firebase-functions has been stubbed. {"functionsResolution":{"declared":true,"installed":true,"version":"3.20.0","resolution":"/Users/phoatipongmusikong/arm/chat-bot/functions/node_modules/firebase-functions/lib/index.js"}} {"metadata":{"emulator":{"name":"functions"},"function":{"name":"us-central1-deleteUserById"},"extension":{},"message":"[runtime-status] [57100] firebase-functions has been stubbed. {\"functionsResolution\":{\"declared\":true,\"installed\":true,\"version\":\"3.20.0\",\"resolution\":\"/Users/phoatipongmusikong/arm/chat-bot/functions/node_modules/firebase-functions/lib/index.js\"}}"}}
[debug] [2022-05-13T05:55:46.573Z] [runtime-status] [57100] Resolved module firebase-functions {"declared":true,"installed":true,"version":"3.20.0","resolution":"/Users/phoatipongmusikong/arm/chat-bot/functions/node_modules/firebase-functions/lib/index.js"} {"metadata":{"emulator":{"name":"functions"},"function":{"name":"us-central1-deleteUserById"},"extension":{},"message":"[runtime-status] [57100] Resolved module firebase-functions {\"declared\":true,\"installed\":true,\"version\":\"3.20.0\",\"resolution\":\"/Users/phoatipongmusikong/arm/chat-bot/functions/node_modules/firebase-functions/lib/index.js\"}"}}
[debug] [2022-05-13T05:55:46.574Z] [runtime-status] [57100] Resolved module firebase-admin {"declared":true,"installed":true,"version":"10.0.2","resolution":"/Users/phoatipongmusikong/arm/chat-bot/functions/node_modules/firebase-admin/lib/index.js"} {"metadata":{"emulator":{"name":"functions"},"function":{"name":"us-central1-deleteUserById"},"extension":{},"message":"[runtime-status] [57100] Resolved module firebase-admin {\"declared\":true,\"installed\":true,\"version\":\"10.0.2\",\"resolution\":\"/Users/phoatipongmusikong/arm/chat-bot/functions/node_modules/firebase-admin/lib/index.js\"}"}}
[debug] [2022-05-13T05:55:46.574Z] [runtime-status] [57100] Resolved module firebase-functions {"declared":true,"installed":true,"version":"3.20.0","resolution":"/Users/phoatipongmusikong/arm/chat-bot/functions/node_modules/firebase-functions/lib/index.js"} {"metadata":{"emulator":{"name":"functions"},"function":{"name":"us-central1-deleteUserById"},"extension":{},"message":"[runtime-status] [57100] Resolved module firebase-functions {\"declared\":true,\"installed\":true,\"version\":\"3.20.0\",\"resolution\":\"/Users/phoatipongmusikong/arm/chat-bot/functions/node_modules/firebase-functions/lib/index.js\"}"}}
[debug] [2022-05-13T05:55:46.574Z] [runtime-status] [57100] firebase-admin has been stubbed. {"adminResolution":{"declared":true,"installed":true,"version":"10.0.2","resolution":"/Users/phoatipongmusikong/arm/chat-bot/functions/node_modules/firebase-admin/lib/index.js"}} {"metadata":{"emulator":{"name":"functions"},"function":{"name":"us-central1-deleteUserById"},"extension":{},"message":"[runtime-status] [57100] firebase-admin has been stubbed. {\"adminResolution\":{\"declared\":true,\"installed\":true,\"version\":\"10.0.2\",\"resolution\":\"/Users/phoatipongmusikong/arm/chat-bot/functions/node_modules/firebase-admin/lib/index.js\"}}"}}
[debug] [2022-05-13T05:55:46.666Z] [runtime-status] [57100] initializeApp(DEFAULT) {"storageBucket":"chatbot-49334.appspot.com","databaseURL":"https://chatbot-49334-default-rtdb.asia-southeast1.firebasedatabase.app","projectId":"chatbot-49334"} {"metadata":{"emulator":{"name":"functions"},"function":{"name":"us-central1-deleteUserById"},"extension":{},"message":"[runtime-status] [57100] initializeApp(DEFAULT) {\"storageBucket\":\"chatbot-49334.appspot.com\",\"databaseURL\":\"https://chatbot-49334-default-rtdb.asia-southeast1.firebasedatabase.app\",\"projectId\":\"chatbot-49334\"}"}}
[debug] [2022-05-13T05:55:46.666Z] [runtime-status] [57100] Beginning invocation function deleteUserById! {"metadata":{"emulator":{"name":"functions"},"function":{"name":"us-central1-deleteUserById"},"extension":{},"message":"[runtime-status] [57100] Beginning invocation function deleteUserById!"}}
[info] i  functions: Beginning execution of "deleteUserById" {"metadata":{"emulator":{"name":"functions"},"function":{"name":"us-central1-deleteUserById"},"extension":{},"message":"Beginning execution of \"deleteUserById\""}}
[debug] [2022-05-13T05:55:46.675Z] [runtime-status] [57100] Running deleteUserById in signature http {"metadata":{"emulator":{"name":"functions"},"function":{"name":"us-central1-deleteUserById"},"extension":{},"message":"[runtime-status] [57100] Running deleteUserById in signature http"}}
[debug] [2022-05-13T05:55:46.675Z] [runtime-status] [57100] Attempting to listen to socketPath: /var/folders/s1/brn49cgd5plfwbs458fdcvyh0000gn/T/fire_emu_57100.sock {"metadata":{"emulator":{"name":"functions"},"function":{"name":"us-central1-deleteUserById"},"extension":{},"message":"[runtime-status] [57100] Attempting to listen to socketPath: /var/folders/s1/brn49cgd5plfwbs458fdcvyh0000gn/T/fire_emu_57100.sock"}}
[debug] [2022-05-13T05:55:46.677Z] [functions] Runtime ready! Sending request! {"metadata":{"emulator":{"name":"functions"},"message":"[functions] Runtime ready! Sending request!"}}
[debug] [2022-05-13T05:55:46.677Z] [functions] Got req.url=/chatbot-49334/us-central1/deleteUserById, mapping to path=/ {"metadata":{"emulator":{"name":"functions"},"message":"[functions] Got req.url=/chatbot-49334/us-central1/deleteUserById, mapping to path=/"}}
[debug] [2022-05-13T05:55:46.690Z] [runtime-status] [57100] Ephemeral server handling POST request {"metadata":{"emulator":{"name":"functions"},"function":{"name":"us-central1-deleteUserById"},"extension":{},"message":"[runtime-status] [57100] Ephemeral server handling POST request"}}
[info] >  vsniU1LzQnfwAxlLo0zU8R5POt53 {"user":"vsniU1LzQnfwAxlLo0zU8R5POt53","metadata":{"emulator":{"name":"functions"},"function":{"name":"us-central1-deleteUserById"},"extension":{},"message":"\u001b[90m> \u001b[39m vsniU1LzQnfwAxlLo0zU8R5POt53"}}
[warn] ⚠  functions: The Firebase Authentication emulator is not running, so calls to Firebase Authentication will affect production. {"metadata":{"emulator":{"name":"functions"},"function":{"name":"us-central1-deleteUserById"},"extension":{},"message":"The Firebase Authentication emulator is not running, so calls to Firebase Authentication will affect production."}}
[debug] [2022-05-13T05:55:46.782Z] [runtime-status] [57100] Ephemeral server survived. {"metadata":{"emulator":{"name":"functions"},"function":{"name":"us-central1-deleteUserById"},"extension":{},"message":"[runtime-status] [57100] Ephemeral server survived."}}
[info] i  functions: Finished "deleteUserById" in ~1s {"metadata":{"emulator":{"name":"functions"},"function":{"name":"us-central1-deleteUserById"},"extension":{},"message":"Finished \"deleteUserById\" in ~1s"}}
[debug] [2022-05-13T05:55:46.791Z] [worker-us-central1-deleteUserById-5d517c97-87cd-445a-9800-fcbf83f01555]: IDLE {"metadata":{"emulator":{"name":"functions"},"message":"[worker-us-central1-deleteUserById-5d517c97-87cd-445a-9800-fcbf83f01555]: IDLE"}}
[debug] [2022-05-13T05:55:46.791Z] [work-queue] {"queueLength":0,"workRunningCount":0}
[info] >  (node:57100) UnhandledPromiseRejectionWarning: Error: There is no user record corresponding to the provided identifier. {"user":"(node:57100) UnhandledPromiseRejectionWarning: Error: There is no user record corresponding to the provided identifier.","metadata":{"emulator":{"name":"functions"},"function":{"name":"us-central1-deleteUserById"},"extension":{},"message":"\u001b[90m> \u001b[39m (node:57100) UnhandledPromiseRejectionWarning: Error: There is no user record corresponding to the provided identifier."}}
[info] >      at FirebaseAuthError.FirebaseError [as constructor] (/Users/phoatipongmusikong/arm/chat-bot/functions/node_modules/firebase-admin/lib/utils/error.js:44:28) {"user":"    at FirebaseAuthError.FirebaseError [as constructor] (/Users/phoatipongmusikong/arm/chat-bot/functions/node_modules/firebase-admin/lib/utils/error.js:44:28)","metadata":{"emulator":{"name":"functions"},"function":{"name":"us-central1-deleteUserById"},"extension":{},"message":"\u001b[90m> \u001b[39m     at FirebaseAuthError.FirebaseError [as constructor] (/Users/phoatipongmusikong/arm/chat-bot/functions/node_modules/firebase-admin/lib/utils/error.js:44:28)"}}
[info] >      at FirebaseAuthError.PrefixedFirebaseError [as constructor] (/Users/phoatipongmusikong/arm/chat-bot/functions/node_modules/firebase-admin/lib/utils/error.js:90:28) {"user":"    at FirebaseAuthError.PrefixedFirebaseError [as constructor] (/Users/phoatipongmusikong/arm/chat-bot/functions/node_modules/firebase-admin/lib/utils/error.js:90:28)","metadata":{"emulator":{"name":"functions"},"function":{"name":"us-central1-deleteUserById"},"extension":{},"message":"\u001b[90m> \u001b[39m     at FirebaseAuthError.PrefixedFirebaseError [as constructor] (/Users/phoatipongmusikong/arm/chat-bot/functions/node_modules/firebase-admin/lib/utils/error.js:90:28)"}}
[info] >      at new FirebaseAuthError (/Users/phoatipongmusikong/arm/chat-bot/functions/node_modules/firebase-admin/lib/utils/error.js:149:16) {"user":"    at new FirebaseAuthError (/Users/phoatipongmusikong/arm/chat-bot/functions/node_modules/firebase-admin/lib/utils/error.js:149:16)","metadata":{"emulator":{"name":"functions"},"function":{"name":"us-central1-deleteUserById"},"extension":{},"message":"\u001b[90m> \u001b[39m     at new FirebaseAuthError (/Users/phoatipongmusikong/arm/chat-bot/functions/node_modules/firebase-admin/lib/utils/error.js:149:16)"}}
[info] >      at Function.FirebaseAuthError.fromServerError (/Users/phoatipongmusikong/arm/chat-bot/functions/node_modules/firebase-admin/lib/utils/error.js:188:16) {"user":"    at Function.FirebaseAuthError.fromServerError (/Users/phoatipongmusikong/arm/chat-bot/functions/node_modules/firebase-admin/lib/utils/error.js:188:16)","metadata":{"emulator":{"name":"functions"},"function":{"name":"us-central1-deleteUserById"},"extension":{},"message":"\u001b[90m> \u001b[39m     at Function.FirebaseAuthError.fromServerError (/Users/phoatipongmusikong/arm/chat-bot/functions/node_modules/firebase-admin/lib/utils/error.js:188:16)"}}
[info] >      at /Users/phoatipongmusikong/arm/chat-bot/functions/node_modules/firebase-admin/lib/auth/auth-api-request.js:1645:49 {"user":"    at /Users/phoatipongmusikong/arm/chat-bot/functions/node_modules/firebase-admin/lib/auth/auth-api-request.js:1645:49","metadata":{"emulator":{"name":"functions"},"function":{"name":"us-central1-deleteUserById"},"extension":{},"message":"\u001b[90m> \u001b[39m     at /Users/phoatipongmusikong/arm/chat-bot/functions/node_modules/firebase-admin/lib/auth/auth-api-request.js:1645:49"}}
[info] >      at processTicksAndRejections (internal/process/task_queues.js:97:5) {"user":"    at processTicksAndRejections (internal/process/task_queues.js:97:5)","metadata":{"emulator":{"name":"functions"},"function":{"name":"us-central1-deleteUserById"},"extension":{},"message":"\u001b[90m> \u001b[39m     at processTicksAndRejections (internal/process/task_queues.js:97:5)"}}
[info] >  (node:57100) UnhandledPromiseRejectionWarning: Unhandled promise rejection. This error originated either by throwing inside of an async function without a catch block, or by rejecting a promise which was not handled with .catch(). To terminate the node process on unhandled promise rejection, use the CLI flag `--unhandled-rejections=strict` (see https://nodejs.org/api/cli.html#cli_unhandled_rejections_mode). (rejection id: 1) {"user":"(node:57100) UnhandledPromiseRejectionWarning: Unhandled promise rejection. This error originated either by throwing inside of an async function without a catch block, or by rejecting a promise which was not handled with .catch(). To terminate the node process on unhandled promise rejection, use the CLI flag `--unhandled-rejections=strict` (see https://nodejs.org/api/cli.html#cli_unhandled_rejections_mode). (rejection id: 1)","metadata":{"emulator":{"name":"functions"},"function":{"name":"us-central1-deleteUserById"},"extension":{},"message":"\u001b[90m> \u001b[39m (node:57100) UnhandledPromiseRejectionWarning: Unhandled promise rejection. This error originated either by throwing inside of an async function without a catch block, or by rejecting a promise which was not handled with .catch(). To terminate the node process on unhandled promise rejection, use the CLI flag `--unhandled-rejections=strict` (see https://nodejs.org/api/cli.html#cli_unhandled_rejections_mode). (rejection id: 1)"}}
[info] >  (node:57100) [DEP0018] DeprecationWarning: Unhandled promise rejections are deprecated. In the future, promise rejections that are not handled will terminate the Node.js process with a non-zero exit code. {"user":"(node:57100) [DEP0018] DeprecationWarning: Unhandled promise rejections are deprecated. In the future, promise rejections that are not handled will terminate the Node.js process with a non-zero exit code.","metadata":{"emulator":{"name":"functions"},"function":{"name":"us-central1-deleteUserById"},"extension":{},"message":"\u001b[90m> \u001b[39m (node:57100) [DEP0018] DeprecationWarning: Unhandled promise rejections are deprecated. In the future, promise rejections that are not handled will terminate the Node.js process with a non-zero exit code."}}
[debug] [2022-05-13T05:58:16.411Z] [work-queue] {"queueLength":1,"workRunningCount":0}
[debug] [2022-05-13T05:58:16.411Z] [work-queue] {"queueLength":0,"workRunningCount":1}
[debug] [2022-05-13T05:58:16.411Z] Accepted request OPTIONS /chatbot-49334/us-central1/deleteUserById --> us-central1-deleteUserById
[debug] [2022-05-13T05:58:16.412Z] [worker-pool] submitWork(triggerId=us-central1-deleteUserById) {"metadata":{"emulator":{"name":"functions"},"message":"[worker-pool] submitWork(triggerId=us-central1-deleteUserById)"}}
[debug] [2022-05-13T05:58:16.412Z] [worker-us-central1-deleteUserById-92bea862-74c0-445d-ba9e-5073345f3197]: Assigning socketPath: /var/folders/s1/brn49cgd5plfwbs458fdcvyh0000gn/T/fire_emu_57099.sock {"metadata":{"emulator":{"name":"functions"},"message":"[worker-us-central1-deleteUserById-92bea862-74c0-445d-ba9e-5073345f3197]: Assigning socketPath: /var/folders/s1/brn49cgd5plfwbs458fdcvyh0000gn/T/fire_emu_57099.sock"}}
[debug] [2022-05-13T05:58:16.412Z] [worker-us-central1-deleteUserById-92bea862-74c0-445d-ba9e-5073345f3197]: BUSY {"metadata":{"emulator":{"name":"functions"},"message":"[worker-us-central1-deleteUserById-92bea862-74c0-445d-ba9e-5073345f3197]: BUSY"}}
[debug] [2022-05-13T05:58:16.413Z] [runtime-status] [57099] Beginning invocation function deleteUserById! {"metadata":{"emulator":{"name":"functions"},"function":{"name":"us-central1-deleteUserById"},"extension":{},"message":"[runtime-status] [57099] Beginning invocation function deleteUserById!"}}
[info] i  functions: Beginning execution of "deleteUserById" {"metadata":{"emulator":{"name":"functions"},"function":{"name":"us-central1-deleteUserById"},"extension":{},"message":"Beginning execution of \"deleteUserById\""}}
[debug] [2022-05-13T05:58:16.415Z] [runtime-status] [57099] Running deleteUserById in signature http {"metadata":{"emulator":{"name":"functions"},"function":{"name":"us-central1-deleteUserById"},"extension":{},"message":"[runtime-status] [57099] Running deleteUserById in signature http"}}
[debug] [2022-05-13T05:58:16.416Z] [runtime-status] [57099] Attempting to listen to socketPath: /var/folders/s1/brn49cgd5plfwbs458fdcvyh0000gn/T/fire_emu_57099.sock {"metadata":{"emulator":{"name":"functions"},"function":{"name":"us-central1-deleteUserById"},"extension":{},"message":"[runtime-status] [57099] Attempting to listen to socketPath: /var/folders/s1/brn49cgd5plfwbs458fdcvyh0000gn/T/fire_emu_57099.sock"}}
[debug] [2022-05-13T05:58:16.420Z] [functions] Runtime ready! Sending request! {"metadata":{"emulator":{"name":"functions"},"message":"[functions] Runtime ready! Sending request!"}}
[debug] [2022-05-13T05:58:16.421Z] [functions] Got req.url=/chatbot-49334/us-central1/deleteUserById, mapping to path=/ {"metadata":{"emulator":{"name":"functions"},"message":"[functions] Got req.url=/chatbot-49334/us-central1/deleteUserById, mapping to path=/"}}
[debug] [2022-05-13T05:58:16.425Z] [runtime-status] [57099] Ephemeral server handling OPTIONS request {"metadata":{"emulator":{"name":"functions"},"function":{"name":"us-central1-deleteUserById"},"extension":{},"message":"[runtime-status] [57099] Ephemeral server handling OPTIONS request"}}
[debug] [2022-05-13T05:58:16.427Z] [runtime-status] [57099] Ephemeral server survived. {"metadata":{"emulator":{"name":"functions"},"function":{"name":"us-central1-deleteUserById"},"extension":{},"message":"[runtime-status] [57099] Ephemeral server survived."}}
[info] i  functions: Finished "deleteUserById" in ~1s {"metadata":{"emulator":{"name":"functions"},"function":{"name":"us-central1-deleteUserById"},"extension":{},"message":"Finished \"deleteUserById\" in ~1s"}}
[debug] [2022-05-13T05:58:16.428Z] [worker-us-central1-deleteUserById-92bea862-74c0-445d-ba9e-5073345f3197]: IDLE {"metadata":{"emulator":{"name":"functions"},"message":"[worker-us-central1-deleteUserById-92bea862-74c0-445d-ba9e-5073345f3197]: IDLE"}}
[debug] [2022-05-13T05:58:16.429Z] [work-queue] {"queueLength":0,"workRunningCount":0}
[debug] [2022-05-13T05:58:16.430Z] [work-queue] {"queueLength":1,"workRunningCount":0}
[debug] [2022-05-13T05:58:16.430Z] [work-queue] {"queueLength":0,"workRunningCount":1}
[debug] [2022-05-13T05:58:16.431Z] Accepted request POST /chatbot-49334/us-central1/deleteUserById --> us-central1-deleteUserById
[debug] [2022-05-13T05:58:16.431Z] [worker-pool] submitWork(triggerId=us-central1-deleteUserById) {"metadata":{"emulator":{"name":"functions"},"message":"[worker-pool] submitWork(triggerId=us-central1-deleteUserById)"}}
[debug] [2022-05-13T05:58:16.431Z] [worker-us-central1-deleteUserById-92bea862-74c0-445d-ba9e-5073345f3197]: Assigning socketPath: /var/folders/s1/brn49cgd5plfwbs458fdcvyh0000gn/T/fire_emu_57099.sock {"metadata":{"emulator":{"name":"functions"},"message":"[worker-us-central1-deleteUserById-92bea862-74c0-445d-ba9e-5073345f3197]: Assigning socketPath: /var/folders/s1/brn49cgd5plfwbs458fdcvyh0000gn/T/fire_emu_57099.sock"}}
[debug] [2022-05-13T05:58:16.431Z] [worker-us-central1-deleteUserById-92bea862-74c0-445d-ba9e-5073345f3197]: BUSY {"metadata":{"emulator":{"name":"functions"},"message":"[worker-us-central1-deleteUserById-92bea862-74c0-445d-ba9e-5073345f3197]: BUSY"}}
[debug] [2022-05-13T05:58:16.438Z] [runtime-status] [57099] Beginning invocation function deleteUserById! {"metadata":{"emulator":{"name":"functions"},"function":{"name":"us-central1-deleteUserById"},"extension":{},"message":"[runtime-status] [57099] Beginning invocation function deleteUserById!"}}
[info] i  functions: Beginning execution of "deleteUserById" {"metadata":{"emulator":{"name":"functions"},"function":{"name":"us-central1-deleteUserById"},"extension":{},"message":"Beginning execution of \"deleteUserById\""}}
[debug] [2022-05-13T05:58:16.439Z] [runtime-status] [57099] Running deleteUserById in signature http {"metadata":{"emulator":{"name":"functions"},"function":{"name":"us-central1-deleteUserById"},"extension":{},"message":"[runtime-status] [57099] Running deleteUserById in signature http"}}
[debug] [2022-05-13T05:58:16.439Z] [runtime-status] [57099] Attempting to listen to socketPath: /var/folders/s1/brn49cgd5plfwbs458fdcvyh0000gn/T/fire_emu_57099.sock {"metadata":{"emulator":{"name":"functions"},"function":{"name":"us-central1-deleteUserById"},"extension":{},"message":"[runtime-status] [57099] Attempting to listen to socketPath: /var/folders/s1/brn49cgd5plfwbs458fdcvyh0000gn/T/fire_emu_57099.sock"}}
[debug] [2022-05-13T05:58:16.443Z] [functions] Runtime ready! Sending request! {"metadata":{"emulator":{"name":"functions"},"message":"[functions] Runtime ready! Sending request!"}}
[debug] [2022-05-13T05:58:16.443Z] [functions] Got req.url=/chatbot-49334/us-central1/deleteUserById, mapping to path=/ {"metadata":{"emulator":{"name":"functions"},"message":"[functions] Got req.url=/chatbot-49334/us-central1/deleteUserById, mapping to path=/"}}
[debug] [2022-05-13T05:58:16.470Z] [runtime-status] [57099] Ephemeral server handling POST request {"metadata":{"emulator":{"name":"functions"},"function":{"name":"us-central1-deleteUserById"},"extension":{},"message":"[runtime-status] [57099] Ephemeral server handling POST request"}}
[info] >  kP26mlGHhpOa1OKz3CNNokok8yP2 {"user":"kP26mlGHhpOa1OKz3CNNokok8yP2","metadata":{"emulator":{"name":"functions"},"function":{"name":"us-central1-deleteUserById"},"extension":{},"message":"\u001b[90m> \u001b[39m kP26mlGHhpOa1OKz3CNNokok8yP2"}}
[debug] [2022-05-13T05:58:16.568Z] [runtime-status] [57099] Ephemeral server survived. {"metadata":{"emulator":{"name":"functions"},"function":{"name":"us-central1-deleteUserById"},"extension":{},"message":"[runtime-status] [57099] Ephemeral server survived."}}
[info] i  functions: Finished "deleteUserById" in ~1s {"metadata":{"emulator":{"name":"functions"},"function":{"name":"us-central1-deleteUserById"},"extension":{},"message":"Finished \"deleteUserById\" in ~1s"}}
[debug] [2022-05-13T05:58:16.576Z] [worker-us-central1-deleteUserById-92bea862-74c0-445d-ba9e-5073345f3197]: IDLE {"metadata":{"emulator":{"name":"functions"},"message":"[worker-us-central1-deleteUserById-92bea862-74c0-445d-ba9e-5073345f3197]: IDLE"}}
[debug] [2022-05-13T05:58:16.576Z] [work-queue] {"queueLength":0,"workRunningCount":0}
